


ARM Macro Assembler    Page 1 


    1 00000000                 AREA             Reset,Data,Readonly
    2 00000000                 EXPORT           __Vectors
    3 00000000         __Vectors
    4 00000000 40000000        DCD              0x40000000
    5 00000004 00000000        DCD              Reset_Handler
    6 00000008                 ALIGN
    7 00000008                 AREA             mycode,Code,Readonly
    8 00000000                 ENTRY
    9 00000000                 EXPORT           Reset_Handler
   10 00000000         Reset_Handler
   11 00000000 4D0A            LDR              R5,=VALUE1
   12 00000002 682C            LDR              R4,[R5]
   13 00000004 F04F 0201       MOV              R2,#1
   14 00000008 F04F 0301       MOV              R3,#1
   15 0000000C F04F 0101       MOV              R1,#1
   16 00000010         UP
   17 00000010 FB01 3102       MLA              R1,R1,R2,R3
   18 00000014 F103 0301       ADD              R3,#1
   19 00000018 F1A4 0401       SUB              R4,#1
   20 0000001C 2C00            CMP              R4,#0
   21 0000001E D1F7            BNE              UP
   22 00000020 F1A1 0101       SUB              R1,#1
   23 00000024 6031            STR              R1,[R6]
   24 00000026 E7FE    STOP    B                STOP
   25 00000028 00000004 
                       VALUE1  DCD              0x4
   26 0000002C 00000000        AREA             DATASEG,DATA,READWRITE
   27 00000000                 END
Command Line: --debug --xref --cpu=Cortex-M3 --apcs=interwork --depend=lab3_3.d
 -olab3_3.o -IC:\Keil\ARM\RV31\INC -IC:\Keil\ARM\CMSIS\Include -IC:\Keil\ARM\In
c\NXP\LPC17xx --predefine="__EVAL SETA 1" --list=lab3_3.lst lab3_3.asm



ARM Macro Assembler    Page 1 Alphabetic symbol ordering
Relocatable symbols

Reset 00000000

Symbol: Reset
   Definitions
      At line 1 in file lab3_3.asm
   Uses
      None
Comment: Reset unused
__Vectors 00000000

Symbol: __Vectors
   Definitions
      At line 3 in file lab3_3.asm
   Uses
      At line 2 in file lab3_3.asm
Comment: __Vectors used once
2 symbols



ARM Macro Assembler    Page 1 Alphabetic symbol ordering
Relocatable symbols

Reset_Handler 00000000

Symbol: Reset_Handler
   Definitions
      At line 10 in file lab3_3.asm
   Uses
      At line 5 in file lab3_3.asm
      At line 9 in file lab3_3.asm

STOP 00000026

Symbol: STOP
   Definitions
      At line 24 in file lab3_3.asm
   Uses
      At line 24 in file lab3_3.asm
Comment: STOP used once
UP 00000010

Symbol: UP
   Definitions
      At line 16 in file lab3_3.asm
   Uses
      At line 21 in file lab3_3.asm
Comment: UP used once
VALUE1 00000028

Symbol: VALUE1
   Definitions
      At line 25 in file lab3_3.asm
   Uses
      At line 11 in file lab3_3.asm
Comment: VALUE1 used once
mycode 00000000

Symbol: mycode
   Definitions
      At line 7 in file lab3_3.asm
   Uses
      None
Comment: mycode unused
5 symbols



ARM Macro Assembler    Page 1 Alphabetic symbol ordering
Relocatable symbols

DATASEG 00000000

Symbol: DATASEG
   Definitions
      At line 26 in file lab3_3.asm
   Uses
      None
Comment: DATASEG unused
1 symbol
341 symbols in table
