


ARM Macro Assembler    Page 1 


    1 00000000                 AREA             RESET,DATA,READONLY
    2 00000000                 EXPORT           __Vectors
    3 00000000         __Vectors
    4 00000000 40000000        DCD              0X40000000
    5 00000004 00000000        DCD              Reset_Handler
    6 00000008                 ALIGN
    7 00000008                 AREA             mycode,CODE,READONLY
    8 00000000                 ENTRY
    9 00000000                 EXPORT           Reset_Handler
   10 00000000         Reset_Handler
   11 00000000 480A            LDR              R0,=VALUE1
   12 00000002 490B            LDR              R1,=VALUE2
   13 00000004 4E0B            LDR              R6,=RESULT
   14 00000006 6802            LDR              R2,[R0]
   15 00000008 680B            LDR              R3,[R1]
   16 0000000A         
   17 0000000A         
   18 0000000A 429A    UP      CMP              R2,R3
   19 0000000C D006            BEQ              SAME1
   20 0000000E D302            BCC              DOWN1
   21 00000010 EBA2 0203       SUB              R2,R2,R3
   22 00000014 E7F9            B                UP
   23 00000016         DOWN1
   24 00000016 EBA3 0302       SUB              R3,R3,R2
   25 0000001A E7F6            B                UP
   26 0000001C         SAME1
   27 0000001C 4615            MOV              R5,R2
   28 0000001E 6035            STR              R5,[R6]
   29 00000020 E7FE    STOP    B                STOP
   30 00000022 00 00 00000012 
                       VALUE1  DCD              0X12
   31 00000028 00000008 
                       VALUE2  DCD              0X8
   32 0000002C 00000000 
              00000000 
              00000000         AREA             data,DATA,READWRITE
   33 00000000 00000000 
                       RESULT  DCD              0
   34 00000004                 END
Command Line: --debug --xref --cpu=Cortex-M3 --apcs=interwork --depend=lab3_2.d
 -olab3_2.o -IC:\Keil\ARM\RV31\INC -IC:\Keil\ARM\CMSIS\Include -IC:\Keil\ARM\In
c\NXP\LPC17xx --predefine="__EVAL SETA 1" --list=lab3_2.lst lab3_2.asm



ARM Macro Assembler    Page 1 Alphabetic symbol ordering
Relocatable symbols

RESET 00000000

Symbol: RESET
   Definitions
      At line 1 in file lab3_2.asm
   Uses
      None
Comment: RESET unused
__Vectors 00000000

Symbol: __Vectors
   Definitions
      At line 3 in file lab3_2.asm
   Uses
      At line 2 in file lab3_2.asm
Comment: __Vectors used once
2 symbols



ARM Macro Assembler    Page 1 Alphabetic symbol ordering
Relocatable symbols

DOWN1 00000016

Symbol: DOWN1
   Definitions
      At line 23 in file lab3_2.asm
   Uses
      At line 20 in file lab3_2.asm
Comment: DOWN1 used once
Reset_Handler 00000000

Symbol: Reset_Handler
   Definitions
      At line 10 in file lab3_2.asm
   Uses
      At line 5 in file lab3_2.asm
      At line 9 in file lab3_2.asm

SAME1 0000001C

Symbol: SAME1
   Definitions
      At line 26 in file lab3_2.asm
   Uses
      At line 19 in file lab3_2.asm
Comment: SAME1 used once
STOP 00000020

Symbol: STOP
   Definitions
      At line 29 in file lab3_2.asm
   Uses
      At line 29 in file lab3_2.asm
Comment: STOP used once
UP 0000000A

Symbol: UP
   Definitions
      At line 18 in file lab3_2.asm
   Uses
      At line 22 in file lab3_2.asm
      At line 25 in file lab3_2.asm

VALUE1 00000024

Symbol: VALUE1
   Definitions
      At line 30 in file lab3_2.asm
   Uses
      At line 11 in file lab3_2.asm
Comment: VALUE1 used once
VALUE2 00000028

Symbol: VALUE2
   Definitions
      At line 31 in file lab3_2.asm
   Uses
      At line 12 in file lab3_2.asm
Comment: VALUE2 used once
mycode 00000000



ARM Macro Assembler    Page 2 Alphabetic symbol ordering
Relocatable symbols


Symbol: mycode
   Definitions
      At line 7 in file lab3_2.asm
   Uses
      None
Comment: mycode unused
8 symbols



ARM Macro Assembler    Page 1 Alphabetic symbol ordering
Relocatable symbols

RESULT 00000000

Symbol: RESULT
   Definitions
      At line 33 in file lab3_2.asm
   Uses
      At line 13 in file lab3_2.asm
Comment: RESULT used once
data 00000000

Symbol: data
   Definitions
      At line 32 in file lab3_2.asm
   Uses
      None
Comment: data unused
2 symbols
345 symbols in table
