


ARM Macro Assembler    Page 1 


    1 00000000                 AREA             RESET,DATA,READONLY
    2 00000000                 EXPORT           __Vectors
    3 00000000         __Vectors
    4 00000000 40000000        DCD              0X40000000
    5 00000004 00000000        DCD              Reset_Handler
    6 00000008                 ALIGN
    7 00000008                 AREA             mycode,CODE,READONLY
    8 00000000                 ENTRY
    9 00000000                 EXPORT           Reset_Handler
   10 00000000         Reset_Handler
   11 00000000 4901            LDR              R1,=12345678
   12 00000002 4A01            LDR              R2,=12345678
   13 00000004 4411            ADD              R1,R2
   14 00000006 E7FE    STOP    B                STOP
   15 00000008                 END
              00BC614E 
Command Line: --debug --xref --cpu=Cortex-M3 --apcs=interwork --depend=lab1_3.d
 -olab1_3.o -IC:\Keil\ARM\RV31\INC -IC:\Keil\ARM\CMSIS\Include -IC:\Keil\ARM\In
c\NXP\LPC17xx --predefine="__EVAL SETA 1" --list=lab1_3.lst lab1_3.asm



ARM Macro Assembler    Page 1 Alphabetic symbol ordering
Relocatable symbols

RESET 00000000

Symbol: RESET
   Definitions
      At line 1 in file lab1_3.asm
   Uses
      None
Comment: RESET unused
__Vectors 00000000

Symbol: __Vectors
   Definitions
      At line 3 in file lab1_3.asm
   Uses
      At line 2 in file lab1_3.asm
Comment: __Vectors used once
2 symbols



ARM Macro Assembler    Page 1 Alphabetic symbol ordering
Relocatable symbols

Reset_Handler 00000000

Symbol: Reset_Handler
   Definitions
      At line 10 in file lab1_3.asm
   Uses
      At line 5 in file lab1_3.asm
      At line 9 in file lab1_3.asm

STOP 00000006

Symbol: STOP
   Definitions
      At line 14 in file lab1_3.asm
   Uses
      At line 14 in file lab1_3.asm
Comment: STOP used once
mycode 00000000

Symbol: mycode
   Definitions
      At line 7 in file lab1_3.asm
   Uses
      None
Comment: mycode unused
3 symbols
338 symbols in table
