


ARM Macro Assembler    Page 1 


    1 00000000                 AREA             RESET,DATA,READONLY
    2 00000000                 EXPORT           __Vectors
    3 00000000         __Vectors
    4 00000000 40000000        DCD              0X40000000
    5 00000004 00000000        DCD              Reset_Handler
    6 00000008                 ALIGN
    7 00000008                 AREA             mycode,CODE,READONLY
    8 00000000                 ENTRY
    9 00000000                 EXPORT           Reset_Handler
   10 00000000         Reset_Handler
   11 00000000 F240 1023       MOV              R0,#0X123
   12 00000004 F04F 017B       MOV              R1,#0123
   13 00000008 F04F 0221       MOV              R2,#33
   14 0000000C E7FE    STOP    B                STOP
   15 0000000E                 END
Command Line: --debug --xref --cpu=Cortex-M3 --apcs=interwork --depend=LAB1_1.d
 -oLAB1_1.o -IC:\Keil\ARM\RV31\INC -IC:\Keil\ARM\CMSIS\Include -IC:\Keil\ARM\In
c\NXP\LPC17xx --predefine="__EVAL SETA 1" --list=LAB1_1.lst LAB1_1.asm



ARM Macro Assembler    Page 1 Alphabetic symbol ordering
Relocatable symbols

RESET 00000000

Symbol: RESET
   Definitions
      At line 1 in file LAB1_1.asm
   Uses
      None
Comment: RESET unused
__Vectors 00000000

Symbol: __Vectors
   Definitions
      At line 3 in file LAB1_1.asm
   Uses
      At line 2 in file LAB1_1.asm
Comment: __Vectors used once
2 symbols



ARM Macro Assembler    Page 1 Alphabetic symbol ordering
Relocatable symbols

Reset_Handler 00000000

Symbol: Reset_Handler
   Definitions
      At line 10 in file LAB1_1.asm
   Uses
      At line 5 in file LAB1_1.asm
      At line 9 in file LAB1_1.asm

STOP 0000000C

Symbol: STOP
   Definitions
      At line 14 in file LAB1_1.asm
   Uses
      At line 14 in file LAB1_1.asm
Comment: STOP used once
mycode 00000000

Symbol: mycode
   Definitions
      At line 7 in file LAB1_1.asm
   Uses
      None
Comment: mycode unused
3 symbols
336 symbols in table
