


ARM Macro Assembler    Page 1 


    1 00000000                 AREA             RESET,DATA,Readonly
    2 00000000                 EXPORT           __Vectors
    3 00000000         __Vectors
    4 00000000 40000000        DCD              0x40000000
    5 00000004 00000000        DCD              Reset_Handler
    6 00000008                 ALIGN
    7 00000008                 AREA             mycode,CODE,READONLY
    8 00000000                 ENTRY
    9 00000000                 EXPORT           Reset_Handler
   10 00000000         
   11 00000000         Reset_Handler
   12 00000000 480F            LDR              R0,=NUM1
   13 00000002 4DFF            LDR              R5,RESULT
   14 00000004 F04F 0408       MOV              R4,#8
   15 00000008         
   16 00000008         UP
   17 00000008 F810 1B04       LDRB             R1,[R0],#4
   18 0000000C F001 010F       AND              R1,#0X0F
   19 00000010 F101 0130       ADD              R1,#0X30
   20 00000014 F1A4 0401       SUB              R4,#1
   21 00000018 D1F6            BNE              UP
   22 0000001A 602C            STR              R4,[R5]
   23 0000001C E7FE    STOP    B                STOP
   24 0000001E 00 00 00000001 
              00000002 
              00000003 
              00000004 
              00000005 
              00000006 
              00000007 
              00000008 NUM1    DCD              0X01,0X02,0X03,0X04,0X05,0X06,0
X07,0X08
   25 00000040 00000000        AREA             dataseg,DATA,READWRITE
   26 00000000 00000000 
                       RESULT  DCD              0
   27 00000004                 END
Command Line: --debug --xref --cpu=Cortex-M3 --apcs=interwork --depend=lab4_5.d
 -olab4_5.o -IC:\Keil\ARM\RV31\INC -IC:\Keil\ARM\CMSIS\Include -IC:\Keil\ARM\In
c\NXP\LPC17xx --predefine="__EVAL SETA 1" --list=lab4_5.lst lab4_5.asm



ARM Macro Assembler    Page 1 Alphabetic symbol ordering
Relocatable symbols

RESET 00000000

Symbol: RESET
   Definitions
      At line 1 in file lab4_5.asm
   Uses
      None
Comment: RESET unused
__Vectors 00000000

Symbol: __Vectors
   Definitions
      At line 3 in file lab4_5.asm
   Uses
      At line 2 in file lab4_5.asm
Comment: __Vectors used once
2 symbols



ARM Macro Assembler    Page 1 Alphabetic symbol ordering
Relocatable symbols

NUM1 00000020

Symbol: NUM1
   Definitions
      At line 24 in file lab4_5.asm
   Uses
      At line 12 in file lab4_5.asm
Comment: NUM1 used once
Reset_Handler 00000000

Symbol: Reset_Handler
   Definitions
      At line 11 in file lab4_5.asm
   Uses
      At line 5 in file lab4_5.asm
      At line 9 in file lab4_5.asm

STOP 0000001C

Symbol: STOP
   Definitions
      At line 23 in file lab4_5.asm
   Uses
      At line 23 in file lab4_5.asm
Comment: STOP used once
UP 00000008

Symbol: UP
   Definitions
      At line 16 in file lab4_5.asm
   Uses
      At line 21 in file lab4_5.asm
Comment: UP used once
mycode 00000000

Symbol: mycode
   Definitions
      At line 7 in file lab4_5.asm
   Uses
      None
Comment: mycode unused
5 symbols



ARM Macro Assembler    Page 1 Alphabetic symbol ordering
Relocatable symbols

RESULT 00000000

Symbol: RESULT
   Definitions
      At line 26 in file lab4_5.asm
   Uses
      At line 13 in file lab4_5.asm
Comment: RESULT used once
dataseg 00000000

Symbol: dataseg
   Definitions
      At line 25 in file lab4_5.asm
   Uses
      None
Comment: dataseg unused
2 symbols
342 symbols in table
