


ARM Macro Assembler    Page 1 


    1 00000000                 AREA             RESET,DATA,READONLY
    2 00000000                 EXPORT           __Vectors
    3 00000000         __Vectors
    4 00000000 40000000        DCD              0X40000000
    5 00000004 00000000        DCD              Reset_Handler
    6 00000008                 ALIGN
    7 00000008                 AREA             mycode,CODE,READONLY
    8 00000000                 ENTRY
    9 00000000                 EXPORT           Reset_Handler
   10 00000000         Reset_Handler
   11 00000000 4804            LDR              R0,=SRC
   12 00000002 F04F 010A       MOV              R1,#10
   13 00000006 6802    UP      LDR              R2,[R0]
   14 00000008 4413            ADD              R3,R2
   15 0000000A F100 0004       ADD              R0,R0,#4
   16 0000000E 3901            SUBS             R1,#1
   17 00000010 D1F9            BNE              UP
   18 00000012 E7FE    STOP    B                STOP
   19 00000014 00000000        AREA             DATASEG,DATA,READWRITE
   20 00000000 00000008 
              12345678 SRC     DCD              8,0X12345678
   21 00000008                 END
Command Line: --debug --xref --cpu=Cortex-M3 --apcs=interwork --depend=lab2_1.d
 -olab2_1.o -IC:\Keil\ARM\RV31\INC -IC:\Keil\ARM\CMSIS\Include -IC:\Keil\ARM\In
c\NXP\LPC17xx --predefine="__EVAL SETA 1" --list=lab2_1.lst lab2_1.asm



ARM Macro Assembler    Page 1 Alphabetic symbol ordering
Relocatable symbols

RESET 00000000

Symbol: RESET
   Definitions
      At line 1 in file lab2_1.asm
   Uses
      None
Comment: RESET unused
__Vectors 00000000

Symbol: __Vectors
   Definitions
      At line 3 in file lab2_1.asm
   Uses
      At line 2 in file lab2_1.asm
Comment: __Vectors used once
2 symbols



ARM Macro Assembler    Page 1 Alphabetic symbol ordering
Relocatable symbols

Reset_Handler 00000000

Symbol: Reset_Handler
   Definitions
      At line 10 in file lab2_1.asm
   Uses
      At line 5 in file lab2_1.asm
      At line 9 in file lab2_1.asm

STOP 00000012

Symbol: STOP
   Definitions
      At line 18 in file lab2_1.asm
   Uses
      At line 18 in file lab2_1.asm
Comment: STOP used once
UP 00000006

Symbol: UP
   Definitions
      At line 13 in file lab2_1.asm
   Uses
      At line 17 in file lab2_1.asm
Comment: UP used once
mycode 00000000

Symbol: mycode
   Definitions
      At line 7 in file lab2_1.asm
   Uses
      None
Comment: mycode unused
4 symbols



ARM Macro Assembler    Page 1 Alphabetic symbol ordering
Relocatable symbols

DATASEG 00000000

Symbol: DATASEG
   Definitions
      At line 19 in file lab2_1.asm
   Uses
      None
Comment: DATASEG unused
SRC 00000000

Symbol: SRC
   Definitions
      At line 20 in file lab2_1.asm
   Uses
      At line 11 in file lab2_1.asm
Comment: SRC used once
2 symbols
341 symbols in table
